
_______
# 요약

1. Exists 문

&ensp; &ensp; 1. filter 처리인데 NL프로세스와 동일(단, 매칭되는 값을 찾으면 종료)

&ensp; &ensp; 1. 캐싱 기능 사용

&ensp; &ensp; 1. 필터 순서 조정안됨

1. Unnesting

&ensp; &ensp; 1. filter로 처리되는 서브쿼리를 다른 방법으로 최적화하기 위해 풀어냄

&ensp; &ensp; 1. sort_unique 단계가 추가됌(결과집합 보장)

&ensp; &ensp; 1. filter → use_nl로 바뀌고 drving 테이블 지정 가능

&ensp; &ensp; 1. `/*+ unnest */`

1. Pushing

&ensp; &ensp; 1. 서브쿼리 필터링이 먼저 수행되는게 이득일 때

&ensp; &ensp; 1. 서브쿼리 필터링(ex exists) 를 가능한 앞에서 처리

&ensp; &ensp; 1. 실행조건의 마지막이 아닌 초반에 filter 처리

&ensp; &ensp; 1. `/*+ no_unnest push_subq */`

1. View Merge

&ensp; &ensp; 1. 인라인 뷰와 메인쿼리를 같이 처리하는게 이득일 때

&ensp; &ensp; &ensp; &ensp; 1. 인라인뷰로 분리하는 이유는 가독성, 재활용성 때문

&ensp; &ensp; 1. 실행계획 상 view키워드가 없으면 머지된 것

&ensp; &ensp; 1. 뷰에 group by가 있으면 실행계획 상 join → group by 수행하는데 merge를 하면 `부분범위처리가 불가해짐`

&ensp; &ensp; 1. `/*+merge */`

1. 조인조건 Push Down (인라인뷰)

&ensp; &ensp; 1. 머지하지 않고 메인쿼리 조건을 뷰에 넣어 줌

&ensp; &ensp; 1. merge와 다르게 부분범위 처리 가능

&ensp; &ensp; &ensp; &ensp; 1. 단 11g이상 버전에서 지원

&ensp; &ensp; &ensp; &ensp; 1. 이전 버전에선 스칼라서브쿼리로 튜닝해줘야 함(스터디 문제에 있었음)

&ensp; &ensp; 1. `/*+ no_merge push_pred */`

# 서브쿼리 종류

- 인라인 뷰 : From 절

- 중첩된 서브쿼리 : where 절

- 스칼라 서브쿼리 : 한 레코드당 하나의 값을 반환

&ensp; &ensp; - 몇 가지 예외사항을 제외하면 컬럼이 올 수 있는 대부분의 위치에 사용 가능

  
옵티마이저는 쿼리 블록 단위로 최적화를 수행함

⇒ 쿼리 블록 단위로만 최적화하면 적용할 수 있는 기법이 제한적이다

상황에 따라 merge/unnest를 적용하여 메인쿼리와 함께 최적화를 수행해야될 수도 있다.

  
## 필터 오퍼레이션 (Exists)

where절에 사용되는 서브쿼리가 필터로 사용될 때


 ``` 
---------------------------------------------------------------------------
| Id  | Operation          | Name | Rows  | Bytes | Cost (%CPU)| Time     |
---------------------------------------------------------------------------
|   0 | SELECT STATEMENT   |      |     1 |    51 |   114K  (1)| 00:00:05 |
|*  1 |  FILTER            |      |       |       |            |          |
|   2 |   TABLE ACCESS FULL| T    | 68156 |  3394K|   365   (1)| 00:00:01 |
|*  3 |   TABLE ACCESS FULL| T2   |     5 |    65 |     2   (0)| 00:00:01 |
---------------------------------------------------------------------------
 ``` 


<details><summary>수행 SQL문</summary></details>

&ensp; &ensp; 
 ``` 
select  t.object_name, t.object_type
from t t
where exists(
	select /*+ no_unnest */ 'x' -- unnest 되지말라고 힌트
	from t2
	where object_id = t.object_id
);
 ``` 


  
### 처리 로직

1. NL조인과 동일 (FILTER → NESTED LOOPS 로 치환하고 해석)

1. NL조인처럼 `부분범위 처리`도 가능

  
**NL조인과 차이점**

1. 조인이 성공하는 순간 진행을 멈춤

1. **캐싱 기능**

&ensp; &ensp; 1. PGA 메모리에 공간 할당

&ensp; &ensp; 1. 입력값에 따른 반환 값(true/false) 캐싱

1. 조인 순서 고정 (메인 쿼리가 드라이빙)

  
# 서브쿼리 Unnesting

>Unnest : 중첩된 상태를 풀어내는 것

- 다양한 최적화 기법 사용 가능

- 서브쿼리가 메인 쿼리 집합 보다 먼저 처리가능

&ensp; &ensp; - 단, 집합결과 보장을 위해 `sort unique` 오퍼레이션이 추가로 수행됨

&ensp; &ensp; - 대게 실행계획 상 맨 마지막 단계에 처리

- 힌트 : **unnest, no_unnest**

  
<details><summary>예시</summary></details>

&ensp; &ensp; 
 ``` 
select  /*+  leading(t2@subq) use_nl(t) */t.object_name, t.object_type
from t t
where exists(
	select /*+ qb_name(subq) unnest */ 'x'
	from t2
	where object_id = t.object_id
	and object_type='TABLE'
);

----------------------------------------------------------------------------
| Id  | Operation           | Name | Rows  | Bytes | Cost (%CPU)| Time     |
----------------------------------------------------------------------------
|   0 | SELECT STATEMENT    |      |    45 |  2925 |  8369   (1)| 00:00:01 |
|   1 |  NESTED LOOPS       |      |    45 |  2925 |  8369   (1)| 00:00:01 |
|   2 |   **SORT UNIQUE**       |      |    45 |   630 |     4   (0)| 00:00:01 |
|*  3 |    TABLE ACCESS FULL| T2   |    45 |   630 |     4   (0)| 00:00:01 |
|*  4 |   TABLE ACCESS FULL | T    |     1 |    51 |   364   (1)| 00:00:01 |
----------------------------------------------------------------------------

Predicate Information (identified by operation id):
---------------------------------------------------

   3 - filter("OBJECT_TYPE"='TABLE')
   4 - filter("OBJECT_ID"="T"."OBJECT_ID")
 ``` 


&ensp; &ensp; - t2를 기준으로 nl조인을 수행하면, 결과집합이 달라질 수 있기 때문에 sort unique로 중복을 제거한 모습

  
# 서브쿼리 Pushing

- 서브쿼리 필터링을 먼저 처리하고 조인 단계로 넘어가는게 이득이 경우

&ensp; &ensp; - 즉, 필터단계에서 많은 이벤트가 줄어든 경우

아래 실습은 데이터에 차이가 있음

  
- 힌트 :  Unnesting push_subq / no_push_subq

- 서브쿼리 필터링을 가능한 한 앞 단계에서 처리 강제

>이 기능은 Unnesting과 세트

  
push 기능 X


 ``` 
SELECT /*+leading(t1) use_nl(t2) */ count(t1.object_id), sum(t1.object_id)
from t t1, t2 t2
where t1.object_id = t2.object_id
and t1.object_type = 'TABLE'
and exists ( select /*+ no_unnest */ 'x'
							from t
							where object_id = t1.object_id
							and OBJECT_ID < 3000)

call     count       cpu    elapsed       disk      query    current        rows
------- ------  -------- ---------- ---------- ---------- ----------  ----------
Parse        1      0.00       0.00          0          0          0           0
Execute      1      0.00       0.00          0          0          0           0
Fetch        2      0.03       0.04          0      41429       6620           1
------- ------  -------- ---------- ---------- ---------- ----------  ----------
total        4      0.03       0.04          0      41429       6620           1

Misses in library cache during parse: 1
Optimizer mode: ALL_ROWS
Parsing user id: 9  
Number of plan statistics captured: 1

Rows (1st) Rows (avg) Rows (max)  Row Source Operation
---------- ---------- ----------  ---------------------------------------------------
         1          1          1  SORT AGGREGATE (cr=41429 pr=0 pw=0 time=43127 us starts=1)
        34         34         34   FILTER  (cr=41429 pr=0 pw=0 time=11624 us starts=1)
       144        144        144    NESTED LOOPS  (cr=40431 pr=0 pw=0 time=666479 us starts=1 cost=5676 size=9940 card=497)
      2171       2171       2171     TABLE ACCESS FULL T (cr=1353 pr=0 pw=0 time=924 us starts=1 cost=365 size=32565 card=2171)
       144        144        144     TABLE ACCESS FULL T2 (cr=39078 pr=0 pw=0 time=38384 us starts=2171 cost=2 size=5 card=1)
        34         34         34    FILTER  (cr=998 pr=0 pw=0 time=1377 us starts=144)
        34         34         34     TABLE ACCESS FULL T (cr=998 pr=0 pw=0 time=1352 us starts=34 cost=365 size=5 card=1)

 ``` 


1. t1,t2를 조인할때 결과는 144건 인데, 40431개 블록을 읽음

1. 144개중 44개의 결과가 발생함

>책과 차이점, 책에서는 필터링 과정에서 많은 부하가 생겼었음

  
push 기능 사용 O


 ``` 
SELECT /*+leading(t1) use_nl(t2) */ count(t1.object_id), sum(t1.object_id)
from t t1, t2 t2
where t1.object_id = t2.object_id
and t1.object_type = 'TABLE'
and exists ( select /*+ no_unnest push_subq */ 'x'
								from t
								where object_id = t1.object_id
								and OBJECT_ID < 3000)

call     count       cpu    elapsed       disk      query    current        rows
------- ------  -------- ---------- ---------- ---------- ----------  ----------
Parse        1      0.00       0.00          0          0          0           0
Execute      1      0.00       0.00          0          0          0           0
Fetch        2      0.03       0.03          0      28020       4079           1
------- ------  -------- ---------- ---------- ---------- ----------  ----------
total        4      0.03       0.03          0      28020       4079           1

Misses in library cache during parse: 1
Optimizer mode: ALL_ROWS
Parsing user id: 9  
Number of plan statistics captured: 1

Rows (1st) Rows (avg) Rows (max)  Row Source Operation
---------- ---------- ----------  ---------------------------------------------------
         1          1          1  SORT AGGREGATE (cr=28020 pr=0 pw=0 time=34960 us starts=1)
        34         34         34   NESTED LOOPS  (cr=28020 pr=0 pw=0 time=25470 us starts=1 cost=633 size=2180 card=109)
       679        679        679    TABLE ACCESS FULL T (cr=15798 pr=0 pw=0 time=20844 us starts=1 cost=365 size=1635 card=109)
       679        679        679     FILTER  (cr=14445 pr=0 pw=0 time=19157 us starts=2171)
       679        679        679      TABLE ACCESS FULL T (cr=14445 pr=0 pw=0 time=18820 us starts=679 cost=365 size=5 card=1)
        34         34         34    TABLE ACCESS FULL T2 (cr=12222 pr=0 pw=0 time=12454 us starts=679 cost=2 size=5 card=1)


 ``` 


1. T에 대한 필터를 먼저 수행하면서 조인 수행에는 약 122222번 수행함

1. 대산에 T테이블 필터에 많은 부하가 걸림

&ensp; &ensp; 1. 책 예제에서는 필터링을 상품분류같은 걸로 했는데 나는 그냥 같은 테이블로 하면서 차이가 생김

  
**키워드로로 Pushing가능**

oracle 12부터 가능(11g에서는 못씀)


 ``` 
SELECT *
  FROM DEPT D 
      ,LATERAL (SELECT * 
                  FROM EMP 
                 WHERE DEPTNO = D.DEPTNO
                 ORDER BY SAL DESC 
                 FETCH FIRST 1 ROW ONLY)  ;


SELECT *
  FROM DEPT D 
  CROSS APPLY (SELECT * 
                  FROM EMP 
                 WHERE DEPTNO = D.DEPTNO
                 ORDER BY SAL DESC 
                 FETCH FIRST 1 ROW ONLY)  ;

 ``` 


# 뷰(View)와 조인

메인쿼리의 where절을 인라인 뷰에서도 적용하는 방법

- 힌트 : merge , no_merge

  

 ``` 
SELECT t1.object_id, t2.d_avg
from t t1,
			(select object_id, avg(data_object_id) d_avg
			from t2
			where t2.object_id > 4000
			group by object_id) t2
where t1.object_type='TABLE'
and t2.object_id = t1.object_id;

-----------------------------------------------------------------------------
| Id  | Operation            | Name | Rows  | Bytes | Cost (%CPU)| Time     |
-----------------------------------------------------------------------------
|   0 | SELECT STATEMENT     |      |   479 | 19639 |   370   (1)| 00:00:01 |
|*  1 |  HASH JOIN           |      |   479 | 19639 |   370   (1)| 00:00:01 |
|   2 |   **VIEW**               |      |   479 | 12454 |     5  (20)| 00:00:01 |
|   3 |    **HASH GROUP BY**     |      |   479 |  4311 |     5  (20)| 00:00:01 |
|*  4 |     TABLE ACCESS FULL| T2   |   479 |  4311 |     4   (0)| 00:00:01 |
|*  5 |   TABLE ACCESS FULL  | T    |  2171 | 32565 |   365   (1)| 00:00:01 |
-----------------------------------------------------------------------------

Predicate Information (identified by operation id):
---------------------------------------------------

   1 - access("T2"."OBJECT_ID"="T1"."OBJECT_ID")
   4 - filter("T2"."OBJECT_ID">4000)
   5 - filter("T1"."OBJECT_TYPE"='TABLE')
 ``` 


**발생하는 비효율**

- t1.object_type=’TABLE’과 매칭되는 t2값만 조회하면 되는데 전체를 조회하게 됨

<details><summary>책 예제로 좀 더 이해해보기</summary></details>

&ensp; &ensp; 
 ``` 
select ...
from 고객 c
			,(select 고객번호, ...
				from 거래
				where 거래일시 >= trunc(sysdate, 'mm') -- 당월 발생한 거래
				group by 고객번호) t
where c.가입일시 >= trunc(add_months(sysdate, -1), 'mm') -- 전월 이후 가입 고객
and t.고객번호 = c.고객번호
 ``` 


&ensp; &ensp; - 전월 이후 가입한 고객을 필터링하는 조건이 인라인 뷰 바깥에 있음

&ensp; &ensp; - 전체 고객의 당월 거래 발생 이력을 조회하게 되는 비효율 발생

  

 ``` 
SELECT t1.object_id, t2.d_avg
from t t1,
			(select /*+ merge */object_id, avg(data_object_id) d_avg
			from t2
			where t2.object_id > 4000
			group by object_id) t2
where t1.object_type='TABLE'
and t2.object_id = t1.object_id;

----------------------------------------------------------------------------
| Id  | Operation           | Name | Rows  | Bytes | Cost (%CPU)| Time     |
----------------------------------------------------------------------------
|   0 | SELECT STATEMENT    |      |     1 |    36 |   370   (1)| 00:00:01 |
|   1 |  **HASH GROUP BY **     |      |     1 |    36 |   370   (1)| 00:00:01 |
|*  2 |   **HASH JOIN         **|      |   479 | 17244 |   369   (1)| 00:00:01 |
|*  3 |    TABLE ACCESS FULL| T2   |   479 |  4311 |     4   (0)| 00:00:01 |
|*  4 |    TABLE ACCESS FULL| T    |  2054 | 55458 |   365   (1)| 00:00:01 |
----------------------------------------------------------------------------

Predicate Information (identified by operation id):
---------------------------------------------------

   2 - access("OBJECT_ID"="T1"."OBJECT_ID")
   3 - filter("T2"."OBJECT_ID">4000)
   4 - filter("T1"."OBJECT_TYPE"='TABLE' AND "T1"."OBJECT_ID">4000)

 ``` 


- VIEW키워드가 없어지고

- 조인 이후에 GROUP BY 가 발생함

  
인라인 뷰가 메인 쿼리와 합쳐져서 수행된 것을 확인

  
**단점**

- 조인 후 group by 절 → 부분범위처리 불가

  
## 조인 조건 Pushdown

위 처럼 merge하지 않고 메인 쿼리를 실행하면서 조인 조건절 값을 건건이 뷰 안으로 밀어넣는 기능

&ensp; &ensp; - 11g 이후

&ensp; &ensp; - **즉 부분범위 처리 가능**

- 힌트 : no_merge push_pred

&ensp; &ensp; - no_merge와 세트

  

 ``` 
SELECT t1.object_id, t2.d_avg
from t t1,
			(select /*+ no_merge push_pred */object_id, avg(data_object_id) d_avg
			from t2
			where t2.object_id > 4000
			group by object_id) t2
where t1.object_type='TABLE'
and t2.object_id = t1.object_id;

--------------------------------------------------------------------------------
| Id  | Operation               | Name | Rows  | Bytes | Cost (%CPU)| Time     |
--------------------------------------------------------------------------------
|   0 | SELECT STATEMENT        |      |    15 |   420 |  9066   (1)| 00:00:01 |
|   1 |  NESTED LOOPS           |      |    15 |   420 |  9066   (1)| 00:00:01 |
|*  2 |   TABLE ACCESS FULL     | T    |  2171 | 32565 |   365   (1)| 00:00:01 |
|   3 |   **VIEW PUSHED PREDICATE** |      |     1 |    13 |     4   (0)| 00:00:01 |
|*  4 |    FILTER               |      |       |       |            |          |
|   5 |     SORT AGGREGATE      |      |     1 |     9 |            |          |
|*  6 |      FILTER             |      |       |       |            |          |
|*  7 |       TABLE ACCESS FULL | T2   |     1 |     9 |     4   (0)| 00:00:01 |
--------------------------------------------------------------------------------

Predicate Information (identified by operation id):
---------------------------------------------------

   2 - filter("T1"."OBJECT_TYPE"='TABLE')
   4 - filter(COUNT(*)>0)
   6 - filter("T1"."OBJECT_ID">4000)
   7 - filter("OBJECT_ID"="T1"."OBJECT_ID" AND "T2"."OBJECT_ID">4000)
 ``` 


  
  
_______

 ``` 
EXPLAIN PLAN FOR
SELECT E.*
  FROM EMPLOYEES E 
  JOIN (SELECT DEPARTMENT_ID, AVG(SALARY)  AS AVG_SAL 
          FROM EMPLOYEES 
         GROUP BY DEPARTMENT_ID)  A 
    ON E.DEPARTMENT_ID = A.DEPARTMENT_ID
   AND E.SALARY        > A.AVG_SAL ;  
   
EXPLAIN PLAN FOR   
SELECT * 
FROM employees e 
WHERE salary > (SELECT AVG(salary) 
                   FROM employees 
                  WHERE department_id = e.department_id) ; 


SELECT * FROM TABLE(DBMS_XPLAN.DISPLAY());
 ``` 


두 개 실행계획이 동일하게 나옴


 ``` 
 
-----------------------------------------------------------------------------------------------
| Id  | Operation                    | Name           | Rows  | Bytes | Cost (%CPU)| Time     |
-----------------------------------------------------------------------------------------------
|   0 | SELECT STATEMENT             |                |     1 |    93 |     7  (29)| 00:00:01 |
|   1 |  MERGE JOIN                  |                |     1 |    93 |     7  (29)| 00:00:01 |
|   2 |   TABLE ACCESS BY INDEX ROWID| EMPLOYEES      |    20 |  1340 |     2   (0)| 00:00:01 |
|   3 |    INDEX FULL SCAN           | EMP_DEPTID_IDX |    19 |       |     1   (0)| 00:00:01 |
|*  4 |   FILTER                     |                |       |       |            |          |
|*  5 |    SORT JOIN                 |                |     7 |   182 |     5  (40)| 00:00:01 |
|   6 |     VIEW                     |                |     7 |   182 |     4  (25)| 00:00:01 |
|   7 |      SORT GROUP BY           |                |     7 |    49 |     4  (25)| 00:00:01 |
|   8 |       TABLE ACCESS FULL      | EMPLOYEES      |    20 |   140 |     3   (0)| 00:00:01 |
-----------------------------------------------------------------------------------------------
 
Predicate Information (identified by operation id):
---------------------------------------------------
 
   4 - filter("E"."SALARY">"A"."AVG_SAL")
   5 - access("E"."DEPARTMENT_ID"="A"."DEPARTMENT_ID")
       filter("E"."DEPARTMENT_ID"="A"."DEPARTMENT_ID")
 ``` 

