
  
_______
  
# 힌트


 ``` 
select /*+ leading(D) use_merge(E) */ *
from D, E
where ...
 ``` 


  
# 실행 계획


 ``` 
----------------------------------------------------------------------------------------------
| Id  | Operation                    | Name          | Rows  | Bytes | Cost (%CPU)| Time     |
----------------------------------------------------------------------------------------------
|   0 | SELECT STATEMENT             |               |    14 |   364 |     6  (17)| 00:00:01 |
|   1 |  MERGE JOIN                  |               |    14 |   364 |     6  (17)| 00:00:01 |
|   2 |   TABLE ACCESS BY INDEX ROWID| EMP           |    14 |   182 |     2   (0)| 00:00:01 |
|   3 |    INDEX FULL SCAN           | EMP_DEPTNO_IX |    14 |       |     1   (0)| 00:00:01 |
|*  4 |   SORT JOIN                  |               |     4 |    52 |     4  (25)| 00:00:01 |
|   5 |    TABLE ACCESS FULL         | DEPT          |     4 |    52 |     3   (0)| 00:00:01 |
----------------------------------------------------------------------------------------------
 ``` 


  
# 특징

소트 머지 조인은 조인을 위해 실시간으로 인덱스를 생성하는 것과 다름 없다.

- PGA영역에 저장한 데이터 이용 → NL조인보다 빠름

&ensp; &ensp; - 건건이 버퍼캐시를 경유하는 NL조인보다 빠름

- 조인 컬럼의 인덱스 유무에 영향받지 않음

- 양쪽 집합을 개별적으로 읽고 나서 조인을 시작함

&ensp; &ensp; - `조인 컬럼에 인덱스가 없는`` 상황에서 두 테이블을 각각 읽어 조``인 대상 집합을 줄일 수 있을 때`` 유리`

- `스캔 위주의 액세스` 방식 사용

&ensp; &ensp; - 그렇다고 모든 처리가 스캔 방식으로 이뤄지진 않음

&ensp; &ensp; - 조인 대상 레코드를 찾을 때 인덱스를 이용한다면 랜덤 엑세스가 발생(해시 조인도 동일)

  
소트 머지 조인이 빠른 이유는 첫 번째 집합을 기준으로 두 번째 집합을 반복 액세스 할 때는 **버퍼캐시를 탐색하지 않고 PGA에서 데이터를 읽기 때문**이다.

→ 두 번째 집합은 반드시 정렬해서 PGA에 저장한 후 조인함 (정렬 과정이 없어지진 않음)

→첫 번째 집합도 일반적으론 PGA에 저장하지만, 조인 컬럼에 인덱스가 있어서 그것을 사용한다면 PGA 저장하지 않고 조인을 시작함

  
↔ NL조인은 조인 과정에서 액세스하는 모든 블록을 랜덤 액세스 방식으로 건건이 DB 버퍼캐시를 경유해서 읽는다

  
### Hash 조인과의 차이점

- Hash 조인보다** PGA, Temp테이블 스페이스를 더 많이 사용**한다.

- 조인 조건이 ‘=’ 아닐 때, 심지어 조인 조건이 아예 없을 때도 사용가능하다.

- 일반적으로 (한 테이블이 매우 작거나, 둘 다 큰 사이즈이거나) Hash조인이 더 빠르다

  