
  
_______
# 힌트

실행계획 위쪽이 build Input (해시 테이블을 만드는)


 ``` 
-- build input은 옵티마이저가 선택
use_hash(d e)

-- build input 직접 선택
방법 1 : /*+ use_hash(d e) swap_join_inputs(e) */
방법 2 : /*+ leading(e) use_hash(d e) */
 ``` 


**leading 또는 ordered 힌트에 의해 선택된 첫번째 테이블은 무조건 Build Input**

→ 두 테이블을 조인할 때는 굳이 swap_join_inputs을 쓰지 않아도 제어 가능

  
## Build Input, Probe Input (시험 기출)

  

 ``` 
-------------------------------------------------------------------------------------------------------------------------
| Id  | Operation          | Name          | Starts | E-Rows | A-Rows |   A-Time   | Buffers |  OMem |  1Mem | Used-Mem |
-------------------------------------------------------------------------------------------------------------------------
|   0 | SELECT STATEMENT   |               |      1 |        |     13 |00:00:00.01 |       4 |       |       |          |
|*  1 |  HASH JOIN         |               |      1 |     13 |     13 |00:00:00.01 |       4 |  1743K|  1743K| 1214K (0)|
|   2 |   TABLE ACCESS FULL| DEPT          |      1 |      5 |      5 |00:00:00.01 |       3 |       |       |          |
|   3 |   INDEX FULL SCAN  | EMP_NAME_DEPT |      1 |     13 |     13 |00:00:00.01 |       1 |       |       |          |
-------------------------------------------------------------------------------------------------------------------------
 ``` 


- DEPT  : `build input`

- EMP : `Probe Input`

  
Build Input 은 해시 테이블을 만드는 테이블로 주로 작은 테이블을 사용

&ensp; &ensp; - 기본적으로 가장 먼저 읽는 테이블을 선택함

Probe Input은 해시 테이블을 탐색하면서 조인하는 테이블로 주로 큰 쪽

  
### 해시조인 실행계획

ordered나 leading힌트는 조인 순서를 결정하기 위한 것이지(테이블이 여러개 일 때) 해시 조인의 build input을 결정하기 위한것은 아님

아래 쿼리도 build input은 옵티마이저에 의해 자유롭게 결정

- 정확히는 첫번째 r,c hash조인만 순서를 정해 준 것


 ``` 
select /*+ leading(r, c, l, d, e) use_hash(c) use_hash(l) use_hash(d) use_hash(e) */
			e.first_name, e.last_name, d.department_name, l.street_address, l.city, c.country_name, r.region_name
from hr.regions r
	,hr.countries c
	,hr.locations l
	,hr.DEPARTMENTS d
	,hr.EMPLOYEES e
where d.department_id = e.department_id
and l.location_id = d.location_id
and c.country_id = l.country_id
and r.region_id = c.region_id

---------------------------------------------------------------------------------------------
| Id  | Operation               | Name              | Rows  | Bytes | Cost (%CPU)| Time     |
---------------------------------------------------------------------------------------------
|   0 | SELECT STATEMENT        |                   |   106 | 10812 |    12   (0)| 00:00:01 |
|*  1 |  HASH JOIN              |                   |   106 | 10812 |    12   (0)| 00:00:01 |
|*  2 |   HASH JOIN             |                   |    27 |  2268 |    10   (0)| 00:00:01 |
|*  3 |    HASH JOIN            |                   |    23 |  1495 |     7   (0)| 00:00:01 |
|*  4 |     HASH JOIN           |                   |    25 |   725 |     4   (0)| 00:00:01 |
|   5 |      TABLE ACCESS FULL  | REGIONS           |     4 |    56 |     3   (0)| 00:00:01 |
|   6 |      INDEX FULL SCAN    | COUNTRY_C_ID_PK   |    25 |   375 |     1   (0)| 00:00:01 |
|   7 |     TABLE ACCESS FULL   | LOCATIONS         |    23 |   828 |     3   (0)| 00:00:01 |
|   8 |    TABLE ACCESS FULL    | DEPARTMENTS       |    27 |   513 |     3   (0)| 00:00:01 |
|   9 |   VIEW                  | index$_join$_005  |   107 |  1926 |     2   (0)| 00:00:01 |
|* 10 |    HASH JOIN            |                   |       |       |            |          |
|  11 |     INDEX FAST FULL SCAN| EMP_DEPARTMENT_IX |   107 |  1926 |     1   (0)| 00:00:01 |
|  12 |     INDEX FAST FULL SCAN| EMP_NAME_IX       |   107 |  1926 |     1   (0)| 00:00:01 |
---------------------------------------------------------------------------------------------
 ``` 


  
만약 2~4번째 build input도 사용자가 지정하고 싶다면 `swap_join_inputs(build input)`


 ``` 
select /*+ leading(r, c, l, d, e) use_hash(c) use_hash(l) use_hash(d) use_hash(e)
					swap_join_inputs(l)
					swap_join_inputs(d)
					swap_join_inputs(e) */
			e.first_name, e.last_name, d.department_name, l.street_address, l.city, c.country_name, r.region_name
from hr.regions r
	,hr.countries c
	,hr.locations l
	,hr.DEPARTMENTS d
	,hr.EMPLOYEES e
where d.department_id = e.department_id
and l.location_id = d.location_id
and c.country_id = l.country_id
and r.region_id = c.region_id

---------------------------------------------------------------------------------------------
| Id  | Operation               | Name              | Rows  | Bytes | Cost (%CPU)| Time     |
---------------------------------------------------------------------------------------------
|   0 | SELECT STATEMENT        |                   |   106 | 10812 |    12   (0)| 00:00:01 |
|*  1 |  HASH JOIN              |                   |   106 | 10812 |    12   (0)| 00:00:01 |
|   2 |   VIEW                  | index$_join$_005  |   107 |  1926 |     2   (0)| 00:00:01 |
|*  3 |    HASH JOIN            |                   |       |       |            |          |
|   4 |     INDEX FAST FULL SCAN| EMP_DEPARTMENT_IX |   107 |  1926 |     1   (0)| 00:00:01 |
|   5 |     INDEX FAST FULL SCAN| EMP_NAME_IX       |   107 |  1926 |     1   (0)| 00:00:01 |
|*  6 |   HASH JOIN             |                   |    27 |  2268 |    10   (0)| 00:00:01 |
|   7 |    TABLE ACCESS FULL    | DEPARTMENTS       |    27 |   513 |     3   (0)| 00:00:01 |
|*  8 |    HASH JOIN            |                   |    23 |  1495 |     7   (0)| 00:00:01 |
|   9 |     TABLE ACCESS FULL   | LOCATIONS         |    23 |   828 |     3   (0)| 00:00:01 |
|* 10 |     HASH JOIN           |                   |    25 |   725 |     4   (0)| 00:00:01 |
|  11 |      TABLE ACCESS FULL  | REGIONS           |     4 |    56 |     3   (0)| 00:00:01 |
|  12 |      INDEX FULL SCAN    | COUNTRY_C_ID_PK   |    25 |   375 |     1   (0)| 00:00:01 |
---------------------------------------------------------------------------------------------

 ``` 


  
1. 4개의 테이블로 해시 테이블을 먼저 생성

&ensp; &ensp; 1. COUNTRY테이블 빼고 (build input이 안됌)

1. COUNTRIES 한 건을 읽어 REGIONS 해시테이블을 탐색한다.

1. 2에서 조인 성공한 레코드는 LOCATIONS 해시 테이블을 탐색한다.

1. 3에서 조인 성공한 레코드는 DEPARTMENTS 해시 테이블을 탐색한다.

1. 4에서 조인 성공한 레코드는 EMPLOYEES 해시 테이블을 생성한다.

1. 2~5번 과정을 COUNTRYES 테이블을 모드 스캔할때까지 반복한다.

  
**크게 보면 build input으로 사용될 일 없는 COUNTRIES 테이블을 한 건씩 읽고 하나씩 해시 테이블로 조인하는 것**

  
# 특징

build input을 작은 테이블로 빠르게 해시 테이블을 생성하면

**큰 테이블에서 일부 레코드만 스캔하다가 조인을 멈출 수 있다 ⇒ 부분 범위처리가 가능**

(단 작은 테이블은 전체 범위처리가 필요함)

- 조인 프로세싱은 NL과 동일하지만

- 건건이 Inner 집합을 버퍼캐시에서 탐색하지 않고 PGA에 미리 생성해둔 해시 테이블을 탐색하면서 조인함

&ensp; &ensp; - 양 쪽 모두 PGA 공간을 초과하더라도 대량 조인 시 `NL조인보다 빠름`

&ensp; &ensp; - 특히 해시 맵을 PGA에 생성해야 되므로 둘 중 한 테이블이 작을 때 매우 효과적

- 해시 맵을 사용하기 때문에 `조인 컬럼에 인덱스가 없어도 됨`

- 해시 알고리즘 특성 상 `조인 조건 중 하나 이상이 “=” 조건`일 때만 사용 가능

- 소트 머지보다 왠만해선 빠른 성능을 보이는 가장 큰 이유는

&ensp; &ensp; - 테이블 중 `한쪽`만 읽어 해시 맵을 만들기 때문에 왠만해선 `디스크에 쓰는 작업이 전혀 일어나지 않는다.`

&ensp; &ensp; - 그 외의 차이는 미미한 수준

  
# 튜닝

- 작은 테이블이 build input이 되도록 swap_join_inputs을 잘 활용

- 해시 체인에 연결된 값이 많을 수록 해시 맵 탐색 효율은 나빠지고, 해시 조인 조건은 ‘=’ 일 때만 사용 가능 ⇒ 최대한 ‘=’ 조건을 사용하도록 변경


 ``` 
b.변경일시 like substr(a.등록일시, 1, 8) || %
-- 아래로 변경
substr(b.변경일시, 1, 8) = substr(a.등록일시, 1, 8)
 ``` 


  